<?xml version="1.0" encoding="UTF-8"?>
<!-- Generated by org.testng.reporters.JUnitReportReporter -->
<testsuite skipped="0" hostname="MANOJKUMAR" name="sikuli.Sikulitest" tests="1" failures="0" timestamp="06 Aug 2019 18:07:58 GMT" time="8.717" errors="0">
  <testcase name="testUploading" time="8.717" classname="sikuli.Sikulitest"/>
</testsuite> <!-- sikuli.Sikulitest -->
